<?xml version="1.0" encoding="UTF-8"?>
<robot generator="Robot 3.1.1 (Python 3.7.3 on win32)" generated="20190423 20:18:20.706" rpa="false">
<suite id="s1" name="Ts02" source="C:\Users\Kalyte\Desktop\SE Project\SEWebScrumBros\test_file\3rd sprint\ts02.robot">
<test id="s1-t1" name="TC01(Specific Date Summary Page (Unclickable Cards))">
<kw name="Set Selenium Speed" library="Selenium2Library">
<doc>Sets the delay that is waited after each Selenium command.</doc>
<arguments>
<arg>0.5 seconds</arg>
</arguments>
<status status="PASS" starttime="20190423 20:18:23.180" endtime="20190423 20:18:23.194"></status>
</kw>
<kw name="Open Browser" library="Selenium2Library">
<doc>Opens a new browser instance to the given ``url``.</doc>
<arguments>
<arg>${LOGINHOMEPAGE}</arg>
<arg>${BROWSER}</arg>
</arguments>
<msg timestamp="20190423 20:18:23.196" level="INFO">Opening browser 'Chrome' to base url 'http://10.199.66.227/SoftEn2019/Sec2/ScrumBros/login.php'.</msg>
<status status="PASS" starttime="20190423 20:18:23.195" endtime="20190423 20:18:37.903"></status>
</kw>
<kw name="Location Should Contain" library="Selenium2Library">
<doc>Verifies that current URL contains ``expected``.</doc>
<arguments>
<arg>${LOGINHOMEPAGE}</arg>
</arguments>
<msg timestamp="20190423 20:18:38.411" level="INFO">Current location contains 'http://10.199.66.227/SoftEn2019/Sec2/ScrumBros/login.php'.</msg>
<status status="PASS" starttime="20190423 20:18:37.903" endtime="20190423 20:18:38.411"></status>
</kw>
<kw name="Input Text" library="Selenium2Library">
<doc>Types the given ``text`` into text field identified by ``locator``.</doc>
<arguments>
<arg>name=username</arg>
<arg>chitsutha</arg>
</arguments>
<msg timestamp="20190423 20:18:38.412" level="INFO">Typing text 'chitsutha' into text field 'name=username'.</msg>
<status status="PASS" starttime="20190423 20:18:38.412" endtime="20190423 20:18:40.345"></status>
</kw>
<kw name="Input Text" library="Selenium2Library">
<doc>Types the given ``text`` into text field identified by ``locator``.</doc>
<arguments>
<arg>name=password</arg>
<arg>chitsuthakku2019</arg>
</arguments>
<msg timestamp="20190423 20:18:40.346" level="INFO">Typing text 'chitsuthakku2019' into text field 'name=password'.</msg>
<status status="PASS" starttime="20190423 20:18:40.345" endtime="20190423 20:18:42.103"></status>
</kw>
<kw name="Click Button" library="Selenium2Library">
<doc>Clicks button identified by ``locator``.</doc>
<arguments>
<arg>login-button</arg>
</arguments>
<msg timestamp="20190423 20:18:42.103" level="INFO">Clicking button 'login-button'.</msg>
<status status="PASS" starttime="20190423 20:18:42.103" endtime="20190423 20:18:47.526"></status>
</kw>
<kw name="Location Should Contain" library="Selenium2Library">
<doc>Verifies that current URL contains ``expected``.</doc>
<arguments>
<arg>${HOMEPAGE}</arg>
</arguments>
<msg timestamp="20190423 20:18:48.032" level="INFO">Current location contains 'http://10.199.66.227/SoftEn2019/Sec2/ScrumBros/home.php'.</msg>
<status status="PASS" starttime="20190423 20:18:47.526" endtime="20190423 20:18:48.032"></status>
</kw>
<kw name="Click Element" library="Selenium2Library">
<doc>Click element identified by ``locator``.</doc>
<arguments>
<arg>xpath: //html/body/div/div[1]/div[1]/a/div/div</arg>
</arguments>
<msg timestamp="20190423 20:18:48.032" level="INFO">Clicking element 'xpath: //html/body/div/div[1]/div[1]/a/div/div'.</msg>
<status status="PASS" starttime="20190423 20:18:48.032" endtime="20190423 20:18:49.616"></status>
</kw>
<kw name="Location Should Contain" library="Selenium2Library">
<doc>Verifies that current URL contains ``expected``.</doc>
<arguments>
<arg>${CLASSPAGE}</arg>
</arguments>
<msg timestamp="20190423 20:18:50.131" level="INFO">Current location contains 'http://10.199.66.227/SoftEn2019/Sec2/ScrumBros/class.php'.</msg>
<status status="PASS" starttime="20190423 20:18:49.617" endtime="20190423 20:18:50.131"></status>
</kw>
<kw name="Click Element" library="Selenium2Library">
<doc>Click element identified by ``locator``.</doc>
<arguments>
<arg>xpath: //*[@id="navbarSupportedContent"]/ul/li[2]/a</arg>
</arguments>
<msg timestamp="20190423 20:18:50.132" level="INFO">Clicking element 'xpath: //*[@id="navbarSupportedContent"]/ul/li[2]/a'.</msg>
<status status="PASS" starttime="20190423 20:18:50.132" endtime="20190423 20:18:51.228"></status>
</kw>
<kw name="Click Element" library="Selenium2Library">
<doc>Click element identified by ``locator``.</doc>
<arguments>
<arg>xpath: //*[@id="navbarSupportedContent"]/ul/li[2]/div/table/tbody/tr[2]</arg>
</arguments>
<msg timestamp="20190423 20:18:51.229" level="INFO">Clicking element 'xpath: //*[@id="navbarSupportedContent"]/ul/li[2]/div/table/tbody/tr[2]'.</msg>
<status status="PASS" starttime="20190423 20:18:51.228" endtime="20190423 20:18:52.485"></status>
</kw>
<kw name="Location Should Contain" library="Selenium2Library">
<doc>Verifies that current URL contains ``expected``.</doc>
<arguments>
<arg>${SUMMARYPAGE}</arg>
</arguments>
<msg timestamp="20190423 20:18:52.993" level="INFO">Current location contains 'http://10.199.66.227/SoftEn2019/Sec2/ScrumBros/summary.php'.</msg>
<status status="PASS" starttime="20190423 20:18:52.485" endtime="20190423 20:18:52.993"></status>
</kw>
<kw name="Element Should Not Be Visible" library="Selenium2Library">
<doc>Verifies that the element identified by ``locator`` is NOT visible.</doc>
<arguments>
<arg>xpath: //*[@id="cards"]/div</arg>
</arguments>
<msg timestamp="20190423 20:18:53.518" level="INFO">Element 'xpath: //*[@id="cards"]/div' did not exist.</msg>
<status status="PASS" starttime="20190423 20:18:52.993" endtime="20190423 20:18:53.518"></status>
</kw>
<kw name="Click Element" library="Selenium2Library">
<doc>Click element identified by ``locator``.</doc>
<arguments>
<arg>xpath: //*[@id="date"]</arg>
</arguments>
<msg timestamp="20190423 20:18:53.519" level="INFO">Clicking element 'xpath: //*[@id="date"]'.</msg>
<status status="PASS" starttime="20190423 20:18:53.518" endtime="20190423 20:18:54.646"></status>
</kw>
<kw name="Click Element" library="Selenium2Library">
<doc>Click element identified by ``locator``.</doc>
<arguments>
<arg>xpath: //*[@id="date"]/option[4]</arg>
</arguments>
<msg timestamp="20190423 20:18:54.647" level="INFO">Clicking element 'xpath: //*[@id="date"]/option[4]'.</msg>
<status status="PASS" starttime="20190423 20:18:54.647" endtime="20190423 20:18:55.746"></status>
</kw>
<kw name="Location Should Contain" library="Selenium2Library">
<doc>Verifies that current URL contains ``expected``.</doc>
<arguments>
<arg>${SUMMARYPAGE}</arg>
</arguments>
<msg timestamp="20190423 20:18:56.361" level="INFO">Current location contains 'http://10.199.66.227/SoftEn2019/Sec2/ScrumBros/summary.php'.</msg>
<status status="PASS" starttime="20190423 20:18:55.746" endtime="20190423 20:18:56.361"></status>
</kw>
<kw name="Sleep" library="BuiltIn">
<doc>Pauses the test executed for the given time.</doc>
<arguments>
<arg>2 seconds</arg>
</arguments>
<msg timestamp="20190423 20:18:58.362" level="INFO">Slept 2 seconds</msg>
<status status="PASS" starttime="20190423 20:18:56.361" endtime="20190423 20:18:58.362"></status>
</kw>
<kw name="Element Should Be Visible" library="Selenium2Library">
<doc>Verifies that the element identified by ``locator`` is visible.</doc>
<arguments>
<arg>xpath: //*[@id="cards"]/div</arg>
</arguments>
<msg timestamp="20190423 20:18:59.402" level="INFO">Element 'xpath: //*[@id="cards"]/div' is displayed.</msg>
<status status="PASS" starttime="20190423 20:18:58.363" endtime="20190423 20:18:59.402"></status>
</kw>
<kw name="Element Should Not Be Visible" library="Selenium2Library">
<doc>Verifies that the element identified by ``locator`` is NOT visible.</doc>
<arguments>
<arg>xpath: //*[@id="classStudent_wrapper"]</arg>
</arguments>
<msg timestamp="20190423 20:18:59.920" level="INFO">Element 'xpath: //*[@id="classStudent_wrapper"]' did not exist.</msg>
<status status="PASS" starttime="20190423 20:18:59.403" endtime="20190423 20:18:59.920"></status>
</kw>
<kw name="Click Element" library="Selenium2Library">
<doc>Click element identified by ``locator``.</doc>
<arguments>
<arg>xpath: //*[@id="cards"]/div/div[3]/div/div</arg>
</arguments>
<msg timestamp="20190423 20:18:59.921" level="INFO">Clicking element 'xpath: //*[@id="cards"]/div/div[3]/div/div'.</msg>
<status status="PASS" starttime="20190423 20:18:59.921" endtime="20190423 20:19:01.013"></status>
</kw>
<kw name="Sleep" library="BuiltIn">
<doc>Pauses the test executed for the given time.</doc>
<arguments>
<arg>2 seconds</arg>
</arguments>
<msg timestamp="20190423 20:19:03.014" level="INFO">Slept 2 seconds</msg>
<status status="PASS" starttime="20190423 20:19:01.014" endtime="20190423 20:19:03.014"></status>
</kw>
<kw name="Alert Should Be Present" library="Selenium2Library">
<doc>Verifies that an alert is present and, by default, accepts it.</doc>
<arguments>
<arg>text=ไม่สามารถทำรายการได้ ไม่มีนักศึกษาที่ลา</arg>
</arguments>
<status status="PASS" starttime="20190423 20:19:03.014" endtime="20190423 20:19:04.541"></status>
</kw>
<kw name="Element Should Not Be Visible" library="Selenium2Library">
<doc>Verifies that the element identified by ``locator`` is NOT visible.</doc>
<arguments>
<arg>xpath: //*[@id="classStudent_wrapper"]</arg>
</arguments>
<msg timestamp="20190423 20:19:05.052" level="INFO">Element 'xpath: //*[@id="classStudent_wrapper"]' did not exist.</msg>
<status status="PASS" starttime="20190423 20:19:04.541" endtime="20190423 20:19:05.052"></status>
</kw>
<status status="PASS" starttime="20190423 20:18:23.179" endtime="20190423 20:19:05.052" critical="yes"></status>
</test>
<test id="s1-t2" name="TC01(Summary Page (Empty))">
<kw name="Go To" library="Selenium2Library">
<doc>Navigates the active browser instance to the provided ``url``.</doc>
<arguments>
<arg>${HOMEPAGE}</arg>
</arguments>
<msg timestamp="20190423 20:19:05.118" level="INFO">Opening url 'http://10.199.66.227/SoftEn2019/Sec2/ScrumBros/home.php'</msg>
<status status="PASS" starttime="20190423 20:19:05.117" endtime="20190423 20:19:05.842"></status>
</kw>
<kw name="Click Element" library="Selenium2Library">
<doc>Click element identified by ``locator``.</doc>
<arguments>
<arg>xpath: /html/body/div/div[3]/div[3]/a/div/div</arg>
</arguments>
<msg timestamp="20190423 20:19:05.843" level="INFO">Clicking element 'xpath: /html/body/div/div[3]/div[3]/a/div/div'.</msg>
<status status="PASS" starttime="20190423 20:19:05.842" endtime="20190423 20:19:07.114"></status>
</kw>
<kw name="Location Should Contain" library="Selenium2Library">
<doc>Verifies that current URL contains ``expected``.</doc>
<arguments>
<arg>${CLASSPAGE}</arg>
</arguments>
<msg timestamp="20190423 20:19:07.621" level="INFO">Current location contains 'http://10.199.66.227/SoftEn2019/Sec2/ScrumBros/class.php'.</msg>
<status status="PASS" starttime="20190423 20:19:07.115" endtime="20190423 20:19:07.621"></status>
</kw>
<kw name="Click Element" library="Selenium2Library">
<doc>Click element identified by ``locator``.</doc>
<arguments>
<arg>xpath: //*[@id="navbarSupportedContent"]/ul/li[2]/a</arg>
</arguments>
<msg timestamp="20190423 20:19:07.622" level="INFO">Clicking element 'xpath: //*[@id="navbarSupportedContent"]/ul/li[2]/a'.</msg>
<status status="PASS" starttime="20190423 20:19:07.622" endtime="20190423 20:19:08.694"></status>
</kw>
<kw name="Click Element" library="Selenium2Library">
<doc>Click element identified by ``locator``.</doc>
<arguments>
<arg>xpath: //*[@id="navbarSupportedContent"]/ul/li[2]/div/table/tbody/tr[2]</arg>
</arguments>
<msg timestamp="20190423 20:19:08.695" level="INFO">Clicking element 'xpath: //*[@id="navbarSupportedContent"]/ul/li[2]/div/table/tbody/tr[2]'.</msg>
<status status="PASS" starttime="20190423 20:19:08.695" endtime="20190423 20:19:09.948"></status>
</kw>
<kw name="Location Should Contain" library="Selenium2Library">
<doc>Verifies that current URL contains ``expected``.</doc>
<arguments>
<arg>${SUMMARYPAGE}</arg>
</arguments>
<msg timestamp="20190423 20:19:10.456" level="INFO">Current location contains 'http://10.199.66.227/SoftEn2019/Sec2/ScrumBros/summary.php'.</msg>
<status status="PASS" starttime="20190423 20:19:09.948" endtime="20190423 20:19:10.456"></status>
</kw>
<kw name="Element Should Not Be Visible" library="Selenium2Library">
<doc>Verifies that the element identified by ``locator`` is NOT visible.</doc>
<arguments>
<arg>xpath: //*[@id="cards"]/div</arg>
</arguments>
<msg timestamp="20190423 20:19:10.969" level="INFO">Element 'xpath: //*[@id="cards"]/div' did not exist.</msg>
<status status="PASS" starttime="20190423 20:19:10.457" endtime="20190423 20:19:10.969"></status>
</kw>
<kw name="Click Element" library="Selenium2Library">
<doc>Click element identified by ``locator``.</doc>
<arguments>
<arg>xpath: //*[@id="date"]</arg>
</arguments>
<msg timestamp="20190423 20:19:10.969" level="INFO">Clicking element 'xpath: //*[@id="date"]'.</msg>
<status status="PASS" starttime="20190423 20:19:10.969" endtime="20190423 20:19:12.064"></status>
</kw>
<kw name="Element Should Contain" library="Selenium2Library">
<doc>Verifies that element ``locator`` contains text ``expected``.</doc>
<arguments>
<arg>xpath: //*[@id="date"]/option</arg>
<arg>ไม่มีข้อมูลการเข้าเรียน</arg>
</arguments>
<msg timestamp="20190423 20:19:13.198" level="INFO">Element 'xpath: //*[@id="date"]/option' contains text 'ไม่มีข้อมูลการเข้าเรียน'.</msg>
<status status="PASS" starttime="20190423 20:19:12.064" endtime="20190423 20:19:13.198"></status>
</kw>
<status status="PASS" starttime="20190423 20:19:05.115" endtime="20190423 20:19:13.199" critical="yes"></status>
</test>
<status status="PASS" starttime="20190423 20:18:20.710" endtime="20190423 20:19:13.202"></status>
</suite>
<statistics>
<total>
<stat pass="2" fail="0">Critical Tests</stat>
<stat pass="2" fail="0">All Tests</stat>
</total>
<tag>
</tag>
<suite>
<stat pass="2" fail="0" id="s1" name="Ts02">Ts02</stat>
</suite>
</statistics>
<errors>
</errors>
</robot>
